d:\0-dwz\nami\mfc20210721\mfc20210721\debug\mfc20210721.pch
d:\0-dwz\nami\mfc20210721\mfc20210721\debug\vc141.pdb
d:\0-dwz\nami\mfc20210721\mfc20210721\debug\vc141.idb
d:\0-dwz\nami\mfc20210721\mfc20210721\debug\pch.obj
d:\0-dwz\nami\mfc20210721\mfc20210721\debug\mfc20210721dlg.obj
d:\0-dwz\nami\mfc20210721\mfc20210721\debug\mfc20210721.obj
d:\0-dwz\nami\mfc20210721\mfc20210721\debug\cpageoprecord.obj
d:\0-dwz\nami\mfc20210721\mfc20210721\debug\cpagemanualpro.obj
d:\0-dwz\nami\mfc20210721\mfc20210721\debug\cpagedatacur.obj
d:\0-dwz\nami\mfc20210721\mfc20210721\debug\cpageautopro.obj
d:\0-dwz\nami\mfc20210721\mfc20210721\debug\cpagealarminfo.obj
d:\0-dwz\nami\mfc20210721\debug\mfc20210721.exe
d:\0-dwz\nami\mfc20210721\debug\mfc20210721.ilk
d:\0-dwz\nami\mfc20210721\debug\mfc20210721.pdb
d:\0-dwz\nami\mfc20210721\mfc20210721\debug\mfc20210721.res
d:\0-dwz\nami_\mfc20210721\mfc20210721\debug\cpagealarminfo.obj
d:\0-dwz\nami_\mfc20210721\mfc20210721\debug\cpageautopro.obj
d:\0-dwz\nami_\mfc20210721\mfc20210721\debug\cpagedatacur.obj
d:\0-dwz\nami_\mfc20210721\mfc20210721\debug\cpagemanualpro.obj
d:\0-dwz\nami_\mfc20210721\mfc20210721\debug\cpageoprecord.obj
d:\0-dwz\nami_\mfc20210721\mfc20210721\debug\mfc20210721.obj
d:\0-dwz\nami_\mfc20210721\mfc20210721\debug\mfc20210721dlg.obj
d:\0-dwz\nami_\mfc20210721\mfc20210721\debug\pch.obj
d:\0-dwz\nami_\mfc20210721\mfc20210721\debug\mfc20210721.res
d:\0-dwz\nami_\mfc20210721\mfc20210721\debug\mfc20210721.pch
d:\0-dwz\nami_\mfc20210721\mfc20210721\debug\vc141.idb
d:\0-dwz\nami_\mfc20210721\mfc20210721\debug\vc141.pdb
d:\0-dwz\nami_\mfc20210721\debug\mfc20210721.pdb
d:\0-dwz\nami_\mfc20210721\debug\mfc20210721.exe
d:\0-dwz\nami_\mfc20210721\debug\mfc20210721.ilk
d:\0-dwz\nami_\mfc20210721\mfc20210721\debug\mfc20210721.tlog\cl.command.1.tlog
d:\0-dwz\nami_\mfc20210721\mfc20210721\debug\mfc20210721.tlog\cl.read.1.tlog
d:\0-dwz\nami_\mfc20210721\mfc20210721\debug\mfc20210721.tlog\cl.write.1.tlog
d:\0-dwz\nami_\mfc20210721\mfc20210721\debug\mfc20210721.tlog\link.command.1.tlog
d:\0-dwz\nami_\mfc20210721\mfc20210721\debug\mfc20210721.tlog\link.read.1.tlog
d:\0-dwz\nami_\mfc20210721\mfc20210721\debug\mfc20210721.tlog\link.write.1.tlog
d:\0-dwz\nami_\mfc20210721\mfc20210721\debug\mfc20210721.tlog\rc.command.1.tlog
d:\0-dwz\nami_\mfc20210721\mfc20210721\debug\mfc20210721.tlog\rc.read.1.tlog
d:\0-dwz\nami_\mfc20210721\mfc20210721\debug\mfc20210721.tlog\rc.write.1.tlog
